[2018.02.06-19.28.22:946][  0]Log file open, 02/06/18 14:28:22
[2018.02.06-19.28.22:946][  0]LogInit:Display: Running engine for game: KidsPlatformer
[2018.02.06-19.28.22:946][  0]LogPlatformFile: Not using cached read wrapper
[2018.02.06-19.28.22:946][  0]LogInit:Display: RandInit(797297127) SRandInit(797297130).
[2018.02.06-19.28.22:946][  0]LogTaskGraph: Started task graph with 4 named threads and 5 total threads.
[2018.02.06-19.28.22:946][  0]LogStats: Stats thread started at 0.180189
[2018.02.06-19.28.22:946][  0]LogInit: Version: 4.10.4-2872498+++depot+UE4-Releases+4.10
[2018.02.06-19.28.22:946][  0]LogInit: API Version: 2758231
[2018.02.06-19.28.22:946][  0]LogInit: Compiled (64-bit): Feb 18 2016 15:47:04
[2018.02.06-19.28.22:946][  0]LogInit: Compiled with Visual C++: 19.00.23026.00
[2018.02.06-19.28.22:946][  0]LogInit: Build Configuration: Development
[2018.02.06-19.28.22:946][  0]LogInit: Branch Name: ++depot+UE4-Releases+4.10
[2018.02.06-19.28.22:946][  0]LogInit: Command line:  
[2018.02.06-19.28.22:946][  0]LogInit: Base directory: C:/Program Files/Epic Games/UE_4.10/Engine/Binaries/Win64/
[2018.02.06-19.28.22:946][  0]LogInit: Rocket: 1
[2018.02.06-19.28.22:962][  0]LogInit: Using libcurl 7.41.0
[2018.02.06-19.28.22:962][  0]LogInit:  - built for x86_64-pc-win32
[2018.02.06-19.28.22:962][  0]LogInit:  - supports SSL with WinSSL
[2018.02.06-19.28.22:962][  0]LogInit:  - other features:
[2018.02.06-19.28.22:962][  0]LogInit:      CURL_VERSION_SSL
[2018.02.06-19.28.22:962][  0]LogInit:      CURL_VERSION_IPV6
[2018.02.06-19.28.22:962][  0]LogInit:      CURL_VERSION_ASYNCHDNS
[2018.02.06-19.28.22:962][  0]LogInit:      CURL_VERSION_LARGEFILE
[2018.02.06-19.28.22:962][  0]LogInit:      CURL_VERSION_IDN
[2018.02.06-19.28.22:962][  0]LogInit:  CurlRequestOptions (configurable via config and command line):
[2018.02.06-19.28.22:962][  0]LogInit:  - bVerifyPeer = true  - Libcurl will verify peer certificate
[2018.02.06-19.28.22:962][  0]LogInit:  - bUseHttpProxy = false  - Libcurl will NOT use HTTP proxy
[2018.02.06-19.28.22:962][  0]LogInit:  - bDontReuseConnections = false  - Libcurl will reuse connections
[2018.02.06-19.28.22:962][  0]LogInit:  - CertBundlePath = nullptr  - Libcurl will use whatever was configured at build time.
[2018.02.06-19.28.22:976][  0]LogInit: Presizing for 0 objects not considered by GC, pre-allocating 0 bytes.
[2018.02.06-19.28.22:991][  0]LogInit: Object subsystem initialized
[2018.02.06-19.28.22:994][  0]LogInit: Selected Device Profile: [Windows]
[2018.02.06-19.28.22:994][  0]LogInit: Applying CVar settings loaded from the selected device profile: [Windows]
[2018.02.06-19.28.23:028][  0]LogInit: Computer: GAME-RIG
[2018.02.06-19.28.23:028][  0]LogInit: User: yroc9
[2018.02.06-19.28.23:028][  0]LogInit: CPU Page size=4096, Cores=2
[2018.02.06-19.28.23:028][  0]LogInit: High frequency timer resolution =2.835941 MHz
[2018.02.06-19.28.23:028][  0]LogMemory: Memory total: Physical=15.9GB (16GB approx)
[2018.02.06-19.28.23:028][  0]LogMemory: Platform Memory Stats for Windows
[2018.02.06-19.28.23:028][  0]LogMemory: Process Physical Memory: 58.04 MB used, 58.04 MB peak
[2018.02.06-19.28.23:028][  0]LogMemory: Process Virtual Memory: 57.60 MB used, 57.60 MB peak
[2018.02.06-19.28.23:028][  0]LogMemory: Physical Memory: 7321.99 MB used, 16256.66 MB total
[2018.02.06-19.28.23:028][  0]LogMemory: Virtual Memory: 421.52 MB used, 134217728.00 MB total
[2018.02.06-19.28.23:107][  0]LogTextLocalizationManager: No specific translations for ('en-US') exist, so ('en') translations will be used.
[2018.02.06-19.28.24:229][  0]LogD3D11RHI: Found D3D11 adapter 0: Intel(R) HD Graphics 620 (Feature Level 11_0)
[2018.02.06-19.28.24:229][  0]LogD3D11RHI: Adapter has 128MB of dedicated video memory, 0MB of dedicated system memory, and 8128MB of shared system memory, 2 output[s]
[2018.02.06-19.28.24:233][  0]LogD3D11RHI: Found D3D11 adapter 1: Microsoft Basic Render Driver (Feature Level 11_0)
[2018.02.06-19.28.24:233][  0]LogD3D11RHI: Adapter has 0MB of dedicated video memory, 0MB of dedicated system memory, and 8128MB of shared system memory, 0 output[s]
[2018.02.06-19.28.24:233][  0]LogD3D11RHI: Chosen D3D11 Adapter Id = 0
[2018.02.06-19.28.24:249][  0]LogD3D11RHI: !Direct3DDevice
[2018.02.06-19.28.24:249][  0]LogRHI: Texture pool is 1361 MB (70% of 1945 MB)
[2018.02.06-19.28.24:262][  0]LogD3D11RHI: Async texture creation enabled
[2018.02.06-19.28.24:270][  0]LogShaderCompilers: Guid format shader working directory is -32 characters bigger than the processId version (../../../../../../Users/yroc9/Documents/GitHub/Kids-Platformer/KidsPlatformer/Intermediate/Shaders/WorkingDirectory/22164/).
[2018.02.06-19.28.24:270][  0]LogShaderCompilers: Cleaned the shader compiler working directory 'C:/Users/yroc9/AppData/Local/Temp/UnrealShaderWorkingDir/D27F29D046A67D43AFD685BAB45C1252/'.
[2018.02.06-19.28.24:270][  0]LogShaderCompilers:Display: Using Local Shader Compiler.
[2018.02.06-19.28.27:484][  0]LogTemp:Display: Loaded TP AllDesktopTargetPlatform
[2018.02.06-19.28.27:498][  0]LogTemp:Display: Loaded TP WindowsClientTargetPlatform
[2018.02.06-19.28.27:507][  0]LogTemp:Display: Loaded TP WindowsNoEditorTargetPlatform
[2018.02.06-19.28.27:516][  0]LogTemp:Display: Loaded TP WindowsServerTargetPlatform
[2018.02.06-19.28.27:528][  0]LogTemp:Display: Loaded TP WindowsTargetPlatform
[2018.02.06-19.28.27:538][  0]LogTemp:Display: Loaded TP AndroidTargetPlatform
[2018.02.06-19.28.27:543][  0]LogTemp:Display: Loaded TP Android_ASTCTargetPlatform
[2018.02.06-19.28.27:547][  0]LogTemp:Display: Loaded TP Android_ATCTargetPlatform
[2018.02.06-19.28.27:551][  0]LogTemp:Display: Loaded TP Android_DXTTargetPlatform
[2018.02.06-19.28.27:566][  0]LogTemp:Display: Loaded TP Android_ETC1TargetPlatform
[2018.02.06-19.28.27:572][  0]LogTemp:Display: Loaded TP Android_ETC2TargetPlatform
[2018.02.06-19.28.27:588][  0]LogTemp:Display: Loaded TP Android_MultiTargetPlatform
[2018.02.06-19.28.27:588][  0]LogTemp:Display: Loaded TP Android_PVRTCTargetPlatform
[2018.02.06-19.28.27:589][  0]LogTemp:Display: Loaded TP HTML5TargetPlatform
[2018.02.06-19.28.27:617][  0]LogTemp:Display: Loaded TP IOSTargetPlatform
[2018.02.06-19.28.27:623][  0]LogTemp:Display: Loaded TP LinuxNoEditorTargetPlatform
[2018.02.06-19.28.27:631][  0]LogTemp:Display: Loaded TP LinuxServerTargetPlatform
[2018.02.06-19.28.27:637][  0]LogTemp:Display: Loaded TP LinuxTargetPlatform
[2018.02.06-19.28.27:637][  0]LogTargetPlatformManager:Display: Building Assets For Windows
[2018.02.06-19.28.27:791][  0]LogDerivedDataCache:Display: Max Cache Size: 512 MB
[2018.02.06-19.28.29:897][  0]LogDerivedDataCache: Loaded boot cache 2.11s 41MB C:/Users/yroc9/AppData/Local/UnrealEngine/4.10/DerivedDataCache/Boot.ddc.
[2018.02.06-19.28.29:897][  0]LogDerivedDataCache:Display: Loaded Boot cache: C:/Users/yroc9/AppData/Local/UnrealEngine/4.10/DerivedDataCache/Boot.ddc
[2018.02.06-19.28.29:897][  0]LogDerivedDataCache: FDerivedDataBackendGraph:  Pak pak cache file ../../../../../../Users/yroc9/Documents/GitHub/Kids-Platformer/KidsPlatformer/DerivedDataCache/DDC.ddp not found, will not use a pak cache.
[2018.02.06-19.28.29:897][  0]LogDerivedDataCache: Unable to find inner node Pak for hierarchical cache Hierarchy.
[2018.02.06-19.28.29:897][  0]LogDerivedDataCache: FDerivedDataBackendGraph:  CompressedPak pak cache file ../../../../../../Users/yroc9/Documents/GitHub/Kids-Platformer/KidsPlatformer/DerivedDataCache/Compressed.ddp not found, will not use a pak cache.
[2018.02.06-19.28.29:898][  0]LogDerivedDataCache: Unable to find inner node CompressedPak for hierarchical cache Hierarchy.
[2018.02.06-19.28.29:991][  0]LogDerivedDataCache:Display: Pak cache opened for reading ../../../Engine/DerivedDataCache/Compressed.ddp.
[2018.02.06-19.28.30:003][  0]LogDerivedDataCache: Using Local data cache path C:/Users/yroc9/AppData/Local/UnrealEngine/Common/DerivedDataCache: Writable
[2018.02.06-19.28.30:346][  0]LogInit: Selected Device Profile: [Windows]
[2018.02.06-19.28.30:350][  0]LogContentStreaming: Texture pool size is 0.000000MB
[2018.02.06-19.28.30:578][  0]LogMeshUtilities: No automatic mesh reduction module available
[2018.02.06-19.28.30:578][  0]LogMeshUtilities: No automatic mesh merging module available
[2018.02.06-19.28.30:991][  0]LogInit: WinSock: version 1.1 (2.2), MaxSocks=32767, MaxUdp=65467
[2018.02.06-19.29.24:305][  0]UdpMessaging: Initializing bridge on interface 0.0.0.0:0 to multicast group 230.0.0.1:6666.
[2018.02.06-19.29.25:766][  0]LogAssetRegistry: FAssetRegistry took 0.0110 seconds to start up
[2018.02.06-19.29.26:349][  0]SourceControl: Info Source control is disabled
[2018.02.06-19.29.28:314][  0]SourceControl: Info Source control is disabled
[2018.02.06-19.29.28:379][  0]SourceControl: Info Source control is disabled
[2018.02.06-19.29.28:440][  0]SourceControl: Info Source control is disabled
[2018.02.06-19.29.30:005][  0]LogObj: 28633 objects as part of root set at end of initial load.
[2018.02.06-19.29.30:005][  0]LogUObjectAllocator: 6099744 out of 0 bytes used by permanent object pool.
[2018.02.06-19.29.30:476][  0]LogEngine: Initializing Engine...
[2018.02.06-19.29.30:480][  0]LogHMD: Can't find Oculus library dev build: is proper Runtime installed? Version: 0.8.0.0
[2018.02.06-19.29.30:731][  0]LogHMD: SteamVR failed to initialize.  Err: 126
[2018.02.06-19.29.30:971][  0]LogAIModule: Creating AISystem for world NewWorld
[2018.02.06-19.29.30:988][  0]LogInit: XAudio2 using 'Speaker/Headphone (Realtek High Definition Audio(SST))' : 2 channels at 48 kHz using 32 bits per sample (channel mask 0x3)
[2018.02.06-19.29.31:027][  0]LogInit: FAudioDevice initialized.
[2018.02.06-19.29.31:066][  0]LogDerivedDataCache: Saved boot cache 0.04s 41MB C:/Users/yroc9/AppData/Local/UnrealEngine/4.10/DerivedDataCache/Boot.ddc.
[2018.02.06-19.29.31:083][  0]LogInit: Texture streaming: Enabled
[2018.02.06-19.29.31:107][  0]LogAnalytics: Creating configured Analytics provider AnalyticsET
[2018.02.06-19.29.31:107][  0]LogAnalytics: [UEEditor.Rocket.Release] APIServer = http://et2.epicgames.com/ET2/. AppVersion = 4.10.4-2872498+++depot+UE4-Releases+4.10
[2018.02.06-19.29.31:107][  0]LogAnalytics: [UEEditor.Rocket.Release] SetUserId d14cd3fb47965b060deacea04b8e7850|b43ebe026bf4424fa22b27ed6d210948|b6b8ff65-07cd-41a4-8e80-8d977ae1e369
[2018.02.06-19.29.31:107][  0]LogAnalytics: [UEEditor.Rocket.Release] AnalyticsET::StartSession
[2018.02.06-19.29.31:141][  0]LogInit: Transaction tracking system initialized
[2018.02.06-19.29.31:222][  0]BlueprintLog: New page: Editor Load
[2018.02.06-19.29.31:573][  0]LocalizationService: Info Localization service is disabled
[2018.02.06-19.29.32:496][  0]LogConsoleResponse:Display: 
[2018.02.06-19.29.32:823][  0]LogCook:Display: Done creating registry. It took  0.00s.
[2018.02.06-19.29.34:041][  0]LogFileCache: Scanning file cache for directory 'C:/Users/yroc9/Documents/GitHub/Kids-Platformer/KidsPlatformer/Content/' took 0.09s
[2018.02.06-19.29.34:097][  0]SourceControl: Info Source control is disabled
[2018.02.06-19.29.34:098][  0]Cmd: MAP LOAD FILE="../../../../../../Users/yroc9/Documents/GitHub/Kids-Platformer/KidsPlatformer/Content/ThirdPersonBP/Maps/ThirdPersonExampleMap.umap" TEMPLATE=0 SHOWPROGRESS=1 FEATURELEVEL=3
[2018.02.06-19.29.34:098][  0]LogEditorServer:Warning: Can't find file '../../../../../../Users/yroc9/Documents/GitHub/Kids-Platformer/KidsPlatformer/Content/ThirdPersonBP/Maps/ThirdPersonExampleMap.umap'
[2018.02.06-19.29.34:098][  0]Cmd: MAP CHECKDEP NOCLEARLOG
[2018.02.06-19.29.34:296][  0]MapCheck: Info Map check complete: 0 Error(s), 0 Warning(s), took 198.213ms to complete.
[2018.02.06-19.29.34:296][  0]LogFileHelpers: Loading map 'ThirdPersonExampleMap' took 0.199
[2018.02.06-19.29.34:791][  0]LogCollectionManager: Loaded 0 collections in 0.010739 seconds
[2018.02.06-19.29.34:863][  0]LogFileCache: Scanning file cache for directory 'C:/Users/yroc9/Documents/GitHub/Kids-Platformer/KidsPlatformer/Saved/Collections/' took 0.01s
[2018.02.06-19.29.34:863][  0]LogFileCache: Scanning file cache for directory 'C:/Users/yroc9/Documents/GitHub/Kids-Platformer/KidsPlatformer/Content/Developers/yroc9/Collections/' took 0.01s
[2018.02.06-19.29.34:863][  0]LogFileCache: Scanning file cache for directory 'C:/Users/yroc9/Documents/GitHub/Kids-Platformer/KidsPlatformer/Content/Collections/' took 0.01s
[2018.02.06-19.29.34:863][  0]LogCollectionManager: Rebuilt the GUID cache for 0 collections in 0.000002 seconds
[2018.02.06-19.29.34:892][  0]LogContentBrowser: Native class hierarchy populated in 0.0297 seconds. Added 1893 classes and 338 folders.
[2018.02.06-19.29.34:930][  0]LogContentBrowser: Native class hierarchy updated for 'WidgetCarousel' in 0.0004 seconds. Added 0 classes and 0 folders.
[2018.02.06-19.29.38:676][  0]LogContentBrowser: Native class hierarchy updated for 'AddContentDialog' in 0.0005 seconds. Added 0 classes and 0 folders.
[2018.02.06-19.29.38:707][  0]LogContentBrowser: Native class hierarchy updated for 'SceneOutliner' in 0.0006 seconds. Added 1 classes and 2 folders.
[2018.02.06-19.29.38:861][  0]LogCrashTracker: Crashtracker disabled due to settings.
[2018.02.06-19.29.38:875][  0]LogUObjectGlobals:Warning: Failed to find object 'Class None.'
[2018.02.06-19.29.38:898][  0]LogLoad: Full Startup: 77.20 seconds (BP compile: 0.00 seconds)
[2018.02.06-19.29.38:943][  0]LogWindowsTextInputMethodSystem:Display: IME system now deactivated.
[2018.02.06-19.29.38:944][  0]LogWindowsTextInputMethodSystem:Display: IME system now deactivated.
[2018.02.06-19.29.38:948][  0]LogOcInput: Can't find Oculus library dev build: is proper Runtime installed? Version: 0.8.0.0
[2018.02.06-19.29.39:262][  0]LogContentStreaming: Texture pool size now 400 MB
[2018.02.06-19.29.39:476][  0]LogRenderer: Reallocating scene render targets to support 964x440 (Frame:2).
[2018.02.06-19.29.40:706][  5]LogAssetRegistry: Asset discovery search completed in 14.9513 seconds
[2018.02.06-19.29.40:706][  5]LogCollectionManager: Rebuilt the object cache for 0 collections in 0.000001 seconds (found 0 objects)
[2018.02.06-19.29.40:706][  5]LogCollectionManager: Fixed up redirectors for 0 collections in 0.000080 seconds (updated 0 objects)
[2018.02.06-19.29.46:920][295]LogLinker:Warning: Asset '../../../Engine/Content/ArtTools/RenderToTexture/Macros/RenderToTextureMacros.uasset' has been saved with empty engine version. The asset will be loaded but may be incompatible.
[2018.02.06-19.29.48:173][295]LogContentBrowser: Native class hierarchy updated for 'BlueprintGraph' in 0.0026 seconds. Added 107 classes and 0 folders.
[2018.02.06-19.30.21:035][932]LogAIModule: Creating AISystem for world Test-Level
[2018.02.06-19.30.27:942][480]LogMetaData: Removing '/Game/Test-Level.Test-Level_C' ref from Metadata '/Game/ThirdPersonBP/Maps/Test-Level.PackageMetaData'
[2018.02.06-19.30.27:942][480]LogMetaData: Removing '/Game/Test-Level.SKEL_Test-Level_C' ref from Metadata '/Game/ThirdPersonBP/Maps/Test-Level.PackageMetaData'
[2018.02.06-19.30.28:097][480]Cmd: OBJ SAVEPACKAGE PACKAGE="/Game/Test-Level" FILE="../../../../../../Users/yroc9/Documents/GitHub/Kids-Platformer/KidsPlatformer/Content/Test-Level.umap" SILENT=true AUTOSAVING=false KEEPDIRTY=false
[2018.02.06-19.30.28:655][480]LogSavePackage: Save=462.303680ms
[2018.02.06-19.30.28:655][480]LogSavePackage: Moving '../../../../../../Users/yroc9/Documents/GitHub/Kids-Platformer/KidsPlatformer/Saved/Test-Level2264914A4A8BCAA162C71AA069B0B074.tmp' to '../../../../../../Users/yroc9/Documents/GitHub/Kids-Platformer/KidsPlatformer/Content/Test-Level.umap'
[2018.02.06-19.30.28:660][480]LogSavePackage: Total save time: 472.249951ms
[2018.02.06-19.30.28:660][480]LogSavePackage:Display: Finished SavePackage ../../../../../../Users/yroc9/Documents/GitHub/Kids-Platformer/KidsPlatformer/Content/Test-Level.umap
[2018.02.06-19.30.28:662][480]LogFileHelpers: Saving map 'Test-Level' took 0.684
[2018.02.06-19.30.38:206][154]Cmd: OBJ SAVEPACKAGE PACKAGE="/Game/Test-Level" FILE="../../../../../../Users/yroc9/Documents/GitHub/Kids-Platformer/KidsPlatformer/Content/Test-Level.umap" SILENT=true AUTOSAVING=false KEEPDIRTY=false
[2018.02.06-19.30.38:767][154]LogSavePackage: Save=457.655487ms
[2018.02.06-19.30.38:767][154]LogSavePackage: Moving '../../../../../../Users/yroc9/Documents/GitHub/Kids-Platformer/KidsPlatformer/Saved/Test-Level6CD31E01433230D2C76A8C9DC093A2F7.tmp' to '../../../../../../Users/yroc9/Documents/GitHub/Kids-Platformer/KidsPlatformer/Content/Test-Level.umap'
[2018.02.06-19.30.38:774][154]LogSavePackage: Total save time: 469.829239ms
[2018.02.06-19.30.38:774][154]LogSavePackage:Display: Finished SavePackage ../../../../../../Users/yroc9/Documents/GitHub/Kids-Platformer/KidsPlatformer/Content/Test-Level.umap
[2018.02.06-19.30.38:775][154]LogFileHelpers: Saving map 'Test-Level' took 0.687
[2018.02.06-19.30.38:783][154]Cmd: MAP LOAD FILE="../../../../../../Users/yroc9/Documents/GitHub/Kids-Platformer/KidsPlatformer/Content/Test-Level.umap" TEMPLATE=0 SHOWPROGRESS=1 FEATURELEVEL=3
[2018.02.06-19.30.38:783][154]LightingResults: New page: Lighting Build
[2018.02.06-19.30.38:787][154]LogContentBrowser: Native class hierarchy updated for 'StatsViewer' in 0.0005 seconds. Added 5 classes and 0 folders.
[2018.02.06-19.30.38:823][154]LoadErrors: New page: Loading map: Test-Level.umap
[2018.02.06-19.30.38:824][154]MapCheck: New page: Map Check
[2018.02.06-19.30.38:824][154]LightingResults: New page: Lighting Build
[2018.02.06-19.30.38:888][154]LogParticles: Destroying 0 GPU particle simulations for FXSystem 0x000001E8CCA5BB00
[2018.02.06-19.30.38:901][154]LogEditorServer: Finished looking for orphan Actors (0.000 secs)
[2018.02.06-19.30.38:961][154]Cmd: MAP CHECKDEP NOCLEARLOG
[2018.02.06-19.30.39:062][154]MapCheck: Info Map check complete: 0 Error(s), 0 Warning(s), took 100.912ms to complete.
[2018.02.06-19.30.39:063][154]LogFileHelpers: Loading map 'Test-Level' took 0.281
[2018.02.06-19.31.01:437][396]LogEditorViewport: Clicking on Actor (LMB): ThirdPersonCharacter_C (ThirdPersonCharacter)
[2018.02.06-19.31.20:732][874]LogBlueprintUserMessages: Early PlayInEditor Detection: Level '/Game/Test-Level.Test-Level:PersistentLevel' has LevelScriptBlueprint '/Game/Test-Level.Test-Level:PersistentLevel.Test-Level' with GeneratedClass '/Game/Test-Level.Test-Level_C' with ClassGeneratedBy '/Game/Test-Level.Test-Level:PersistentLevel.Test-Level'
[2018.02.06-19.31.20:732][874]LogPlayLevel: PlayLevel: No blueprints needed recompiling
[2018.02.06-19.31.20:732][874]PIE: New page: PIE session: Test-Level (Feb 6, 2018, 9:31:20 AM)
[2018.02.06-19.31.20:732][874]LogPlayLevel: Creating play world package: /Game/UEDPIE_0_Test-Level
[2018.02.06-19.31.20:767][874]LogPlayLevel: PIE: StaticDuplicateObject took: (0.034956s)
[2018.02.06-19.31.20:769][874]LogAIModule: Creating AISystem for world Test-Level
[2018.02.06-19.31.20:769][874]LogPlayLevel: PIE: World Init took: (0.001803s)
[2018.02.06-19.31.20:769][874]LogPlayLevel: PIE: Created PIE world by copying editor world from /Game/Test-Level.Test-Level to /Game/UEDPIE_0_Test-Level.Test-Level (0.037075s)
[2018.02.06-19.31.20:886][874]LogInit: XAudio2 using 'Speaker/Headphone (Realtek High Definition Audio(SST))' : 2 channels at 48 kHz using 32 bits per sample (channel mask 0x3)
[2018.02.06-19.31.20:920][874]LogInit: FAudioDevice initialized.
[2018.02.06-19.31.20:989][874]LogWorld: Game class is 'ThirdPersonGameMode_C'
[2018.02.06-19.31.20:994][874]LogWorld: Bringing World /Game/UEDPIE_0_Test-Level.Test-Level up for play (max tick rate 0) at 2018.02.06-14.31.20
[2018.02.06-19.31.20:995][874]LogActor:Warning: GameSession /Game/UEDPIE_0_Test-Level.Test-Level:PersistentLevel.GameSession_0 has natively added scene component(s), but none of them were set as the actor's RootComponent - picking one arbitrarily
[2018.02.06-19.31.20:995][874]LogActor:Warning: GameNetworkManager /Game/UEDPIE_0_Test-Level.Test-Level:PersistentLevel.GameNetworkManager_0 has natively added scene component(s), but none of them were set as the actor's RootComponent - picking one arbitrarily
[2018.02.06-19.31.20:996][874]LogWorld: Bringing up level for play took: 0.005439
[2018.02.06-19.31.21:000][874]PIE: Info Play in editor start time for /Game/UEDPIE_0_Test-Level 0.211
[2018.02.06-19.31.21:001][874]LogBlueprintUserMessages: Late PlayInEditor Detection: Level '/Game/Test-Level.Test-Level:PersistentLevel' has LevelScriptBlueprint '/Game/Test-Level.Test-Level:PersistentLevel.Test-Level' with GeneratedClass '/Game/Test-Level.Test-Level_C' with ClassGeneratedBy '/Game/Test-Level.Test-Level:PersistentLevel.Test-Level'
[2018.02.06-19.31.28:104][281]LogBlueprintUserMessages: Early EndPlayMap Detection: Level '/Game/Test-Level.Test-Level:PersistentLevel' has LevelScriptBlueprint '/Game/Test-Level.Test-Level:PersistentLevel.Test-Level' with GeneratedClass '/Game/Test-Level.Test-Level_C' with ClassGeneratedBy '/Game/Test-Level.Test-Level:PersistentLevel.Test-Level'
[2018.02.06-19.31.28:272][281]LogBlueprintUserMessages: Late EndPlayMap Detection: Level '/Game/Test-Level.Test-Level:PersistentLevel' has LevelScriptBlueprint '/Game/Test-Level.Test-Level:PersistentLevel.Test-Level' with GeneratedClass '/Game/Test-Level.Test-Level_C' with ClassGeneratedBy '/Game/Test-Level.Test-Level:PersistentLevel.Test-Level'
[2018.02.06-19.31.28:369][281]LogParticles: Destroying 0 GPU particle simulations for FXSystem 0x000001E8E66F37E0
[2018.02.06-19.31.42:707][360]LogBlueprintUserMessages: Early PlayInEditor Detection: Level '/Game/Test-Level.Test-Level:PersistentLevel' has LevelScriptBlueprint '/Game/Test-Level.Test-Level:PersistentLevel.Test-Level' with GeneratedClass '/Game/Test-Level.Test-Level_C' with ClassGeneratedBy '/Game/Test-Level.Test-Level:PersistentLevel.Test-Level'
[2018.02.06-19.31.42:707][360]LogPlayLevel: PlayLevel: No blueprints needed recompiling
[2018.02.06-19.31.42:707][360]PIE: New page: PIE session: Test-Level (Feb 6, 2018, 9:31:42 AM)
[2018.02.06-19.31.42:707][360]LogPlayLevel: Creating play world package: /Game/UEDPIE_0_Test-Level
[2018.02.06-19.31.42:727][360]LogPlayLevel: PIE: StaticDuplicateObject took: (0.019758s)
[2018.02.06-19.31.42:728][360]LogAIModule: Creating AISystem for world Test-Level
[2018.02.06-19.31.42:728][360]LogPlayLevel: PIE: World Init took: (0.001166s)
[2018.02.06-19.31.42:728][360]LogPlayLevel: PIE: Created PIE world by copying editor world from /Game/Test-Level.Test-Level to /Game/UEDPIE_0_Test-Level.Test-Level (0.021186s)
[2018.02.06-19.31.42:829][360]LogInit: XAudio2 using 'Speaker/Headphone (Realtek High Definition Audio(SST))' : 2 channels at 48 kHz using 32 bits per sample (channel mask 0x3)
[2018.02.06-19.31.42:857][360]LogInit: FAudioDevice initialized.
[2018.02.06-19.31.42:903][360]LogWorld: Game class is 'ThirdPersonGameMode_C'
[2018.02.06-19.31.42:906][360]LogWorld: Bringing World /Game/UEDPIE_0_Test-Level.Test-Level up for play (max tick rate 0) at 2018.02.06-14.31.42
[2018.02.06-19.31.42:906][360]LogActor:Warning: GameSession /Game/UEDPIE_0_Test-Level.Test-Level:PersistentLevel.GameSession_1 has natively added scene component(s), but none of them were set as the actor's RootComponent - picking one arbitrarily
[2018.02.06-19.31.42:907][360]LogActor:Warning: GameNetworkManager /Game/UEDPIE_0_Test-Level.Test-Level:PersistentLevel.GameNetworkManager_1 has natively added scene component(s), but none of them were set as the actor's RootComponent - picking one arbitrarily
[2018.02.06-19.31.42:907][360]LogWorld: Bringing up level for play took: 0.003746
[2018.02.06-19.31.42:908][360]PIE: Info Play in editor start time for /Game/UEDPIE_0_Test-Level 0.119
[2018.02.06-19.31.42:908][360]LogBlueprintUserMessages: Late PlayInEditor Detection: Level '/Game/Test-Level.Test-Level:PersistentLevel' has LevelScriptBlueprint '/Game/Test-Level.Test-Level:PersistentLevel.Test-Level' with GeneratedClass '/Game/Test-Level.Test-Level_C' with ClassGeneratedBy '/Game/Test-Level.Test-Level:PersistentLevel.Test-Level'
[2018.02.06-19.31.46:063][564]LogBlueprintUserMessages: Early EndPlayMap Detection: Level '/Game/Test-Level.Test-Level:PersistentLevel' has LevelScriptBlueprint '/Game/Test-Level.Test-Level:PersistentLevel.Test-Level' with GeneratedClass '/Game/Test-Level.Test-Level_C' with ClassGeneratedBy '/Game/Test-Level.Test-